<?xml version="1.0" encoding="UTF-8"?>
<testng-results total="1" passed="1" failed="0" skipped="0">
  <reporter-output>
  </reporter-output>
  <suite started-at="2022-06-30T10:09:51Z" name="Default suite" finished-at="2022-06-30T10:10:09Z" duration-ms="17915">
    <groups>
    </groups>
    <test started-at="2022-06-30T10:09:51Z" name="Default test" finished-at="2022-06-30T10:10:09Z" duration-ms="17915">
      <class name="testCases.Login_TC1">
        <test-method signature="login()[pri:0, instance:testCases.Login_TC1@2812b107]" started-at="2022-06-30T16:09:51Z" name="login" finished-at="2022-06-30T16:10:09Z" duration-ms="17902" status="PASS">
          <reporter-output>
          </reporter-output>
        </test-method> <!-- login -->
      </class> <!-- testCases.Login_TC1 -->
    </test> <!-- Default test -->
  </suite> <!-- Default suite -->
</testng-results>
